<?xml version="1.0" encoding="UTF-8"?>
<!-- Generated by org.testng.reporters.JUnitReportReporter -->
<testsuite hostname="Innovapaths-Mac-mini.local" failures="0" tests="1" name="APITestCases.PostRequest" time="3.223" errors="0" timestamp="2022-08-18T13:38:55 PDT" skipped="0">
  <testcase classname="APITestCases.PostRequest" name="postreqtest" time="3.223"/>
  <system-out/>
</testsuite> <!-- APITestCases.PostRequest -->
