<?xml version="1.0" encoding="UTF-8"?>
<!-- Generated by org.testng.reporters.JUnitReportReporter -->
<testsuite hostname="Innovapaths-Mac-mini.local" failures="0" tests="1" name="APITestCases.GetRequest" time="2.627" errors="0" timestamp="2022-08-17T09:25:35 PDT" skipped="0">
  <testcase classname="APITestCases.GetRequest" name="GetTest" time="2.627"/>
  <system-out/>
</testsuite> <!-- APITestCases.GetRequest -->
