<?xml version="1.0" encoding="UTF-8"?>
<!-- Generated by org.testng.reporters.JUnitReportReporter -->
<testsuite hostname="Innovapaths-Mac-mini.local" failures="0" tests="5" name="APITestCases.PostDDT" time="5.008" errors="0" timestamp="2022-08-22T15:39:37 PDT" skipped="0">
  <testcase classname="APITestCases.PostDDT" name="testpostddt" time="0.583"/>
  <system-out/>
  <testcase classname="APITestCases.PostDDT" name="testpostddt" time="0.435"/>
  <system-out/>
  <testcase classname="APITestCases.PostDDT" name="testpostddt" time="0.430"/>
  <system-out/>
  <testcase classname="APITestCases.PostDDT" name="testpostddt" time="3.111"/>
  <system-out/>
  <testcase classname="APITestCases.PostDDT" name="testpostddt" time="0.449"/>
  <system-out/>
</testsuite> <!-- APITestCases.PostDDT -->
