<?xml version="1.0" encoding="UTF-8"?>
<!-- Generated by org.testng.reporters.JUnitReportReporter -->
<testsuite hostname="Innovapaths-Mac-mini.local" failures="0" tests="1" name="APITestCases.PutRequest" time="3.244" errors="0" timestamp="2022-08-17T10:33:33 PDT" skipped="0">
  <testcase classname="APITestCases.PutRequest" name="puttest" time="3.244"/>
  <system-out/>
</testsuite> <!-- APITestCases.PutRequest -->
